<?xml version="1.0" encoding="UTF-8"?>
<!-- Generated by org.testng.reporters.JUnitReportReporter -->
<testsuite hostname="Vijay_Kumar" failures="0" tests="1" name="SeliniumPrac.DifferentWaysOfXpaths" time="6.399" errors="0" timestamp="2023-11-21T22:54:34 IST" skipped="0">
  <testcase classname="SeliniumPrac.DifferentWaysOfXpaths" name="f" time="6.399"/>
</testsuite> <!-- SeliniumPrac.DifferentWaysOfXpaths -->
