<?xml version="1.0" encoding="UTF-8"?>
<!-- Generated by org.testng.reporters.JUnitReportReporter -->
<testsuite hostname="Vijay_Kumar" failures="0" tests="1" name="SeliniumPrac.ButtonClickPractice" time="8.759" errors="0" timestamp="2023-11-04T10:05:43 IST" skipped="0">
  <testcase classname="SeliniumPrac.ButtonClickPractice" name="f" time="8.759"/>
</testsuite> <!-- SeliniumPrac.ButtonClickPractice -->
