<?xml version="1.0" encoding="UTF-8"?>
<!-- Generated by org.testng.reporters.JUnitReportReporter -->
<testsuite hostname="Vijay_Kumar" failures="0" tests="1" name="SeliniumPrac.TxtBoxClick" time="9.244" errors="0" timestamp="2023-11-06T09:41:15 IST" skipped="0">
  <testcase classname="SeliniumPrac.TxtBoxClick" name="f" time="9.244"/>
</testsuite> <!-- SeliniumPrac.TxtBoxClick -->
