<?xml version="1.0" encoding="UTF-8"?>
<!-- Generated by org.testng.reporters.JUnitReportReporter -->
<testsuite hostname="Vijay_Kumar" failures="0" tests="1" name="SeliniumPrac.XpathPractice" time="36.014" errors="0" timestamp="2023-11-26T00:34:35 IST" skipped="0">
  <testcase classname="SeliniumPrac.XpathPractice" name="method1" time="36.014"/>
</testsuite> <!-- SeliniumPrac.XpathPractice -->
