<?xml version="1.0" encoding="UTF-8"?>
<!-- Generated by org.testng.reporters.JUnitReportReporter -->
<testsuite hostname="Vijay_Kumar" failures="0" tests="1" name="SeliniumPrac.AutomationExerciseSitePrac" time="249.512" errors="0" timestamp="2023-11-17T14:12:47 IST" skipped="0">
  <testcase classname="SeliniumPrac.AutomationExerciseSitePrac" name="f" time="249.512"/>
</testsuite> <!-- SeliniumPrac.AutomationExerciseSitePrac -->
