<?xml version="1.0" encoding="UTF-8"?>
<!-- Generated by org.testng.reporters.JUnitReportReporter -->
<testsuite hostname="Vijay_Kumar" failures="0" tests="1" name="SeliniumPrac.FullFlowTest" time="12.581" errors="0" timestamp="2023-11-16T08:09:05 IST" skipped="0">
  <testcase classname="SeliniumPrac.FullFlowTest" name="f" time="12.581"/>
</testsuite> <!-- SeliniumPrac.FullFlowTest -->
