<?xml version="1.0" encoding="UTF-8"?>
<!-- Generated by org.testng.reporters.JUnitReportReporter -->
<testsuite hostname="Vijay_Kumar" failures="0" tests="1" name="SeliniumPrac.WaitsPrac" time="26.502" errors="0" timestamp="2023-11-14T09:48:57 IST" skipped="0">
  <testcase classname="SeliniumPrac.WaitsPrac" name="f" time="26.502"/>
</testsuite> <!-- SeliniumPrac.WaitsPrac -->
