<?xml version="1.0" encoding="UTF-8"?>
<!-- Generated by org.testng.reporters.JUnitReportReporter -->
<testsuite hostname="Vijay_Kumar" failures="0" tests="1" name="SeliniumPrac.NewTestCase" time="10.356" errors="0" timestamp="2023-11-03T09:49:17 IST" skipped="0">
  <testcase classname="SeliniumPrac.NewTestCase" name="f" time="10.356"/>
</testsuite> <!-- SeliniumPrac.NewTestCase -->
