<?xml version="1.0" encoding="UTF-8"?>
<!-- Generated by org.testng.reporters.JUnitReportReporter -->
<testsuite hostname="Vijay_Kumar" failures="0" tests="1" name="SeliniumPrac.DropDownPracTest" time="16.160" errors="0" timestamp="2023-11-08T09:42:19 IST" skipped="0">
  <testcase classname="SeliniumPrac.DropDownPracTest" name="f" time="16.160"/>
</testsuite> <!-- SeliniumPrac.DropDownPracTest -->
