<?xml version="1.0" encoding="UTF-8"?>
<!-- Generated by org.testng.reporters.JUnitReportReporter -->
<testsuite hostname="Vijay_Kumar" failures="0" tests="1" name="SeliniumPrac.NewTest" time="8.804" errors="0" timestamp="2023-10-30T09:09:30 IST" skipped="0">
  <testcase classname="SeliniumPrac.NewTest" name="f" time="8.804"/>
</testsuite> <!-- SeliniumPrac.NewTest -->
