<?xml version="1.0" encoding="UTF-8"?>
<!-- Generated by org.testng.reporters.JUnitReportReporter -->
<testsuite hostname="Vijay_Kumar" failures="0" tests="1" name="SeliniumPrac.ButtonClick" time="15.384" errors="0" timestamp="2023-11-03T20:48:41 IST" skipped="0">
  <testcase classname="SeliniumPrac.ButtonClick" name="f" time="15.384"/>
</testsuite> <!-- SeliniumPrac.ButtonClick -->
