<?xml version="1.0" encoding="UTF-8"?>
<!-- Generated by org.testng.reporters.JUnitReportReporter -->
<testsuite hostname="Vijay_Kumar" failures="0" tests="1" name="SeliniumPrac.IxigoLogin" time="78.482" errors="0" timestamp="2023-11-27T11:57:15 IST" skipped="0">
  <testcase classname="SeliniumPrac.IxigoLogin" name="f" time="78.482"/>
</testsuite> <!-- SeliniumPrac.IxigoLogin -->
