<?xml version="1.0" encoding="UTF-8"?>
<!-- Generated by org.testng.reporters.JUnitReportReporter -->
<testsuite hostname="Vijay_Kumar" failures="0" tests="1" name="SeliniumPrac.TwentySevenIxigo" time="76.696" errors="0" timestamp="2023-11-27T12:23:39 IST" skipped="0">
  <testcase classname="SeliniumPrac.TwentySevenIxigo" name="f" time="76.696"/>
</testsuite> <!-- SeliniumPrac.TwentySevenIxigo -->
