<?xml version="1.0" encoding="UTF-8"?>
<!-- Generated by org.testng.reporters.JUnitReportReporter -->
<testsuite hostname="Vijay_Kumar" failures="0" tests="1" name="SeliniumPrac.DragAndDropPrac" time="26.060" errors="0" timestamp="2023-11-09T16:34:18 IST" skipped="0">
  <testcase classname="SeliniumPrac.DragAndDropPrac" name="f" time="26.060"/>
</testsuite> <!-- SeliniumPrac.DragAndDropPrac -->
