<?xml version="1.0" encoding="UTF-8"?>
<!-- Generated by org.testng.reporters.JUnitReportReporter -->
<testsuite hostname="Vijay_Kumar" failures="0" tests="1" name="SeliniumPrac.LoginPrac" time="9.222" errors="0" timestamp="2023-11-03T20:23:14 IST" skipped="0">
  <testcase classname="SeliniumPrac.LoginPrac" name="f" time="9.222"/>
</testsuite> <!-- SeliniumPrac.LoginPrac -->
